<?xml version="1.0" encoding="UTF-8"?>
<!-- Generated by org.testng.reporters.JUnitReportReporter -->
<testsuite hostname="LTIN209057" failures="0" tests="4" name="test_case.TC003" time="41.836" errors="0" timestamp="2024-03-10T16:20:32 IST" skipped="0">
  <testcase classname="test_case.TC003" name="clickenterprises" time="13.753"/>
  <testcase classname="test_case.TC003" name="clickoffer" time="6.837"/>
  <testcase classname="test_case.TC003" name="clickcourse" time="10.409"/>
  <testcase classname="test_case.TC003" name="fillForm" time="10.837"/>
</testsuite> <!-- test_case.TC003 -->
