<?xml version="1.0" encoding="UTF-8"?>
<!-- Generated by org.testng.reporters.JUnitReportReporter -->
<testsuite hostname="LTIN209057" failures="0" tests="4" name="test_case.TC001" time="49.546" errors="0" timestamp="2024-03-10T16:20:32 IST" skipped="0">
  <testcase classname="test_case.TC001" name="searching" time="13.641"/>
  <testcase classname="test_case.TC001" name="clicking" time="1.096"/>
  <testcase classname="test_case.TC001" name="course1" time="17.421"/>
  <testcase classname="test_case.TC001" name="course2" time="17.388"/>
</testsuite> <!-- test_case.TC001 -->
