<?xml version="1.0" encoding="UTF-8"?>
<!-- Generated by org.testng.reporters.JUnitReportReporter -->
<testsuite hostname="LTIN209057" failures="0" tests="2" name="test_case.TC002" time="33.359" errors="0" timestamp="2024-03-10T22:12:59 IST" skipped="0">
  <testcase classname="test_case.TC002" name="search_languageLearning" time="19.418"/>
  <testcase classname="test_case.TC002" name="get_Languages_Levels_and_count" time="13.941"/>
</testsuite> <!-- test_case.TC002 -->
