<?xml version="1.0" encoding="UTF-8"?>
<!-- Generated by org.testng.reporters.JUnitReportReporter -->
<testsuite hostname="LTIN209057" failures="0" tests="4" name="test_case.TC001" time="40.672" errors="0" timestamp="2024-03-10T22:12:59 IST" skipped="0">
  <testcase classname="test_case.TC001" name="search_webDevelopment" time="13.932"/>
  <testcase classname="test_case.TC001" name="select_english_and_beginner" time="0.969"/>
  <testcase classname="test_case.TC001" name="get_course1_details" time="13.175"/>
  <testcase classname="test_case.TC001" name="get_course2_details" time="12.596"/>
</testsuite> <!-- test_case.TC001 -->
