<?xml version="1.0" encoding="UTF-8"?>
<!-- Generated by org.testng.reporters.JUnitReportReporter -->
<testsuite hostname="LTIN209057" failures="0" tests="4" name="test_case.TC003" time="87.111" errors="0" timestamp="2024-03-10T22:12:59 IST" skipped="0">
  <testcase classname="test_case.TC003" name="click_enterprises" time="18.127"/>
  <testcase classname="test_case.TC003" name="click_offer" time="11.260"/>
  <testcase classname="test_case.TC003" name="click_course" time="26.604"/>
  <testcase classname="test_case.TC003" name="fill_form" time="31.120"/>
</testsuite> <!-- test_case.TC003 -->
